<?xml version="1.0" encoding="UTF-8"?>
<!-- Generated by org.testng.reporters.JUnitReportReporter -->
<testsuite hostname="DESKTOP-DD86M0M" failures="0" tests="1" name="Test_Classes.Post_RetryCode_TC2" time="2.162" errors="0" timestamp="2023-06-25T22:25:49 IST" skipped="0">
  <testcase classname="Test_Classes.Post_RetryCode_TC2" name="extractor" time="2.162"/>
  <system-out/>
</testsuite> <!-- Test_Classes.Post_RetryCode_TC2 -->
