<?xml version="1.0" encoding="UTF-8"?>
<!-- Generated by org.testng.reporters.JUnitReportReporter -->
<testsuite hostname="DESKTOP-DD86M0M" failures="0" tests="1" name="Test_Classes.Post_TC1" time="15.577" errors="0" timestamp="2023-06-25T22:25:49 IST" skipped="0">
  <testcase classname="Test_Classes.Post_TC1" name="extractor" time="15.577"/>
  <system-out/>
</testsuite> <!-- Test_Classes.Post_TC1 -->
